<?xml version="1.0" encoding="UTF-8"?>
<!-- Generated by org.testng.reporters.JUnitReportReporter -->
<testsuite skipped="0" hostname="ATMECSINLT-085" name="com.atmecs.testing.testscripts.TestVerifyPhpTravels" tests="1" failures="0" timestamp="06 Nov 2019 14:55:55 GMT" time="6.236" errors="0">
  <testcase name="verifyPhpTravels" time="6.236" classname="com.atmecs.testing.testscripts.TestVerifyPhpTravels"/>
</testsuite> <!-- com.atmecs.testing.testscripts.TestVerifyPhpTravels -->
