<?xml version="1.0" encoding="UTF-8"?>
<!-- Generated by org.testng.reporters.JUnitReportReporter -->
<testsuite skipped="0" hostname="ATMECSINLT-085" name="com.atmecs.testing.testscripts.TestVerifyCanvas" tests="2" failures="0" timestamp="06 Nov 2019 15:55:33 GMT" time="9.992" errors="0">
  <testcase name="verifyCanvas" time="5.877" classname="com.atmecs.testing.testscripts.TestVerifyCanvas"/>
  <testcase name="verifyCanvas" time="4.115" classname="com.atmecs.testing.testscripts.TestVerifyCanvas"/>
</testsuite> <!-- com.atmecs.testing.testscripts.TestVerifyCanvas -->
