<?xml version="1.0" encoding="UTF-8"?>
<!-- Generated by org.testng.reporters.JUnitReportReporter -->
<testsuite skipped="0" hostname="ATMECSINLT-085" name="com.atmecs.testing.testscripts.TestNGMethod" tests="2" failures="0" timestamp="06 Nov 2019 15:26:51 GMT" time="27.121" errors="0">
  <testcase name="XmlSuiteRunner" time="0.011" classname="com.atmecs.testing.testscripts.TestNGMethod"/>
  <testcase name="XmlSuiteRunner" time="27.110" classname="com.atmecs.testing.testscripts.TestNGMethod"/>
</testsuite> <!-- com.atmecs.testing.testscripts.TestNGMethod -->
